<?xml version="1.0" encoding="UTF-8"?>
<!-- Generated by org.testng.reporters.JUnitReportReporter -->
<testsuite hostname="kavya" failures="0" tests="1" name="scripts.Testcase3" time="23.749" errors="0" timestamp="2022-09-11T13:15:08 IST" skipped="0">
  <testcase classname="scripts.Testcase3" name="tc3" time="23.749"/>
  <system-out/>
</testsuite> <!-- scripts.Testcase3 -->
