<?xml version="1.0" encoding="UTF-8"?>
<!-- Generated by org.testng.reporters.JUnitReportReporter -->
<testsuite hostname="kavya" failures="0" tests="1" name="scripts1.Testcase11" time="8.971" errors="0" timestamp="2022-09-11T13:11:51 IST" skipped="0">
  <testcase classname="scripts1.Testcase11" name="tc1" time="8.971"/>
  <system-out/>
</testsuite> <!-- scripts1.Testcase11 -->
