<?xml version="1.0" encoding="UTF-8"?>
<!-- Generated by org.testng.reporters.JUnitReportReporter -->
<testsuite hostname="kavya" failures="0" tests="1" name="scripts.TestCase1" time="13.057" errors="0" timestamp="2022-08-24T15:03:20 IST" skipped="0">
  <testcase classname="scripts.TestCase1" name="tc1" time="13.057"/>
  <system-out/>
</testsuite> <!-- scripts.TestCase1 -->
