<?xml version="1.0" encoding="UTF-8"?>
<!-- Generated by org.testng.reporters.JUnitReportReporter -->
<testsuite hostname="kavya" failures="0" tests="1" name="scripts2.Testcase1" time="8.838" errors="0" timestamp="2022-09-11T11:57:50 IST" skipped="0">
  <testcase classname="scripts2.Testcase1" name="tc1" time="8.838"/>
  <system-out/>
</testsuite> <!-- scripts2.Testcase1 -->
